<?xml version="1.0" encoding="UTF-8"?>
<!-- Generated by org.testng.reporters.JUnitXMLReporter -->
<testsuite ignored="0" hostname="DESKTOP-ECENQC1" failures="2" tests="3" name="Edge Test" time="17.054" errors="0" timestamp="2023-07-20T14:45:48 IST">
  <testcase classname="TESTNG.Params" name="OpenApp" time="16.571"/>
  <testcase classname="TESTNG.Params" name="Login" time="0.187">
    <failure type="org.openqa.selenium.NoSuchWindowException" message="no such window: target window already closed
from unknown error: web view not found
  (Session info: MicrosoftEdge=114.0.1823.82)
Build info: version: &amp;apos;4.10.0&amp;apos;, revision: &amp;apos;c14d967899&amp;apos;
System info: os.name: &amp;apos;Windows 10&amp;apos;, os.arch: &amp;apos;amd64&amp;apos;, os.version: &amp;apos;10.0&amp;apos;, java.version: &amp;apos;19.0.2&amp;apos;
Driver info: org.openqa.selenium.edge.EdgeDriver
Command: [bd9ebee3aadc6eb91f395f08a8780663, findElement {using=name, value=uid}]
Capabilities {acceptInsecureCerts: false, browserName: msedge, browserVersion: 114.0.1823.82, ms:edgeOptions: {debuggerAddress: localhost:60387}, msedge: {msedgedriverVersion: 114.0.1823.86 (189c43916f87..., userDataDir: C:\Users\kanna\AppData\Loca...}, networkConnectionEnabled: false, pageLoadStrategy: normal, platformName: windows, proxy: Proxy(), se:cdp: ws://localhost:60387/devtoo..., se:cdpVersion: 114.0.1823.82, setWindowRect: true, strictFileInteractability: false, timeouts: {implicit: 0, pageLoad: 300000, script: 30000}, unhandledPromptBehavior: dismiss and notify, webauthn:extension:credBlob: true, webauthn:extension:largeBlob: true, webauthn:extension:minPinLength: true, webauthn:extension:prf: true, webauthn:virtualAuthenticators: true}
Session ID: bd9ebee3aadc6eb91f395f08a8780663">
      <![CDATA[org.openqa.selenium.NoSuchWindowException: no such window: target window already closed
from unknown error: web view not found
  (Session info: MicrosoftEdge=114.0.1823.82)
Build info: version: '4.10.0', revision: 'c14d967899'
System info: os.name: 'Windows 10', os.arch: 'amd64', os.version: '10.0', java.version: '19.0.2'
Driver info: org.openqa.selenium.edge.EdgeDriver
Command: [bd9ebee3aadc6eb91f395f08a8780663, findElement {using=name, value=uid}]
Capabilities {acceptInsecureCerts: false, browserName: msedge, browserVersion: 114.0.1823.82, ms:edgeOptions: {debuggerAddress: localhost:60387}, msedge: {msedgedriverVersion: 114.0.1823.86 (189c43916f87..., userDataDir: C:\Users\kanna\AppData\Loca...}, networkConnectionEnabled: false, pageLoadStrategy: normal, platformName: windows, proxy: Proxy(), se:cdp: ws://localhost:60387/devtoo..., se:cdpVersion: 114.0.1823.82, setWindowRect: true, strictFileInteractability: false, timeouts: {implicit: 0, pageLoad: 300000, script: 30000}, unhandledPromptBehavior: dismiss and notify, webauthn:extension:credBlob: true, webauthn:extension:largeBlob: true, webauthn:extension:minPinLength: true, webauthn:extension:prf: true, webauthn:virtualAuthenticators: true}
Session ID: bd9ebee3aadc6eb91f395f08a8780663
at org.openqa.selenium.remote.codec.w3c.W3CHttpResponseCodec.createException(W3CHttpResponseCodec.java:199)
at org.openqa.selenium.remote.codec.w3c.W3CHttpResponseCodec.decode(W3CHttpResponseCodec.java:132)
at org.openqa.selenium.remote.codec.w3c.W3CHttpResponseCodec.decode(W3CHttpResponseCodec.java:51)
at org.openqa.selenium.remote.HttpCommandExecutor.execute(HttpCommandExecutor.java:191)
at org.openqa.selenium.remote.service.DriverCommandExecutor.invokeExecute(DriverCommandExecutor.java:196)
at org.openqa.selenium.remote.service.DriverCommandExecutor.execute(DriverCommandExecutor.java:171)
at org.openqa.selenium.remote.RemoteWebDriver.execute(RemoteWebDriver.java:531)
at org.openqa.selenium.remote.ElementLocation$ElementFinder$2.findElement(ElementLocation.java:165)
at org.openqa.selenium.remote.ElementLocation.findElement(ElementLocation.java:66)
at org.openqa.selenium.remote.RemoteWebDriver.findElement(RemoteWebDriver.java:350)
at org.openqa.selenium.remote.RemoteWebDriver.findElement(RemoteWebDriver.java:344)
at TESTNG.Params.Login(Params.java:41)
at java.base/java.util.ArrayList.forEach(ArrayList.java:1511)
at java.base/java.util.concurrent.FutureTask.run(FutureTask.java:317)
at java.base/java.util.concurrent.ThreadPoolExecutor.runWorker(ThreadPoolExecutor.java:1144)
at java.base/java.util.concurrent.ThreadPoolExecutor$Worker.run(ThreadPoolExecutor.java:642)
at java.base/java.lang.Thread.run(Thread.java:1589)
... Removed 19 stack frames]]>
    </failure>
  </testcase> <!-- Login -->
  <testcase classname="TESTNG.Params" name="Teardown" time="0.175">
    <failure type="org.openqa.selenium.WebDriverException" message="disconnected: Unable to receive message from renderer
  (failed to check if window was closed: disconnected: not connected to DevTools)
  (Session info: MicrosoftEdge=114.0.1823.82)
Build info: version: &amp;apos;4.10.0&amp;apos;, revision: &amp;apos;c14d967899&amp;apos;
System info: os.name: &amp;apos;Windows 10&amp;apos;, os.arch: &amp;apos;amd64&amp;apos;, os.version: &amp;apos;10.0&amp;apos;, java.version: &amp;apos;19.0.2&amp;apos;
Driver info: org.openqa.selenium.edge.EdgeDriver
Command: [bd9ebee3aadc6eb91f395f08a8780663, close {}]
Capabilities {acceptInsecureCerts: false, browserName: msedge, browserVersion: 114.0.1823.82, ms:edgeOptions: {debuggerAddress: localhost:60387}, msedge: {msedgedriverVersion: 114.0.1823.86 (189c43916f87..., userDataDir: C:\Users\kanna\AppData\Loca...}, networkConnectionEnabled: false, pageLoadStrategy: normal, platformName: windows, proxy: Proxy(), se:cdp: ws://localhost:60387/devtoo..., se:cdpVersion: 114.0.1823.82, setWindowRect: true, strictFileInteractability: false, timeouts: {implicit: 0, pageLoad: 300000, script: 30000}, unhandledPromptBehavior: dismiss and notify, webauthn:extension:credBlob: true, webauthn:extension:largeBlob: true, webauthn:extension:minPinLength: true, webauthn:extension:prf: true, webauthn:virtualAuthenticators: true}
Session ID: bd9ebee3aadc6eb91f395f08a8780663">
      <![CDATA[org.openqa.selenium.WebDriverException: disconnected: Unable to receive message from renderer
  (failed to check if window was closed: disconnected: not connected to DevTools)
  (Session info: MicrosoftEdge=114.0.1823.82)
Build info: version: '4.10.0', revision: 'c14d967899'
System info: os.name: 'Windows 10', os.arch: 'amd64', os.version: '10.0', java.version: '19.0.2'
Driver info: org.openqa.selenium.edge.EdgeDriver
Command: [bd9ebee3aadc6eb91f395f08a8780663, close {}]
Capabilities {acceptInsecureCerts: false, browserName: msedge, browserVersion: 114.0.1823.82, ms:edgeOptions: {debuggerAddress: localhost:60387}, msedge: {msedgedriverVersion: 114.0.1823.86 (189c43916f87..., userDataDir: C:\Users\kanna\AppData\Loca...}, networkConnectionEnabled: false, pageLoadStrategy: normal, platformName: windows, proxy: Proxy(), se:cdp: ws://localhost:60387/devtoo..., se:cdpVersion: 114.0.1823.82, setWindowRect: true, strictFileInteractability: false, timeouts: {implicit: 0, pageLoad: 300000, script: 30000}, unhandledPromptBehavior: dismiss and notify, webauthn:extension:credBlob: true, webauthn:extension:largeBlob: true, webauthn:extension:minPinLength: true, webauthn:extension:prf: true, webauthn:virtualAuthenticators: true}
Session ID: bd9ebee3aadc6eb91f395f08a8780663
at org.openqa.selenium.remote.codec.w3c.W3CHttpResponseCodec.createException(W3CHttpResponseCodec.java:199)
at org.openqa.selenium.remote.codec.w3c.W3CHttpResponseCodec.decode(W3CHttpResponseCodec.java:132)
at org.openqa.selenium.remote.codec.w3c.W3CHttpResponseCodec.decode(W3CHttpResponseCodec.java:51)
at org.openqa.selenium.remote.HttpCommandExecutor.execute(HttpCommandExecutor.java:191)
at org.openqa.selenium.remote.service.DriverCommandExecutor.invokeExecute(DriverCommandExecutor.java:196)
at org.openqa.selenium.remote.service.DriverCommandExecutor.execute(DriverCommandExecutor.java:171)
at org.openqa.selenium.remote.RemoteWebDriver.execute(RemoteWebDriver.java:531)
at org.openqa.selenium.remote.RemoteWebDriver.execute(RemoteWebDriver.java:590)
at org.openqa.selenium.remote.RemoteWebDriver.execute(RemoteWebDriver.java:594)
at org.openqa.selenium.remote.RemoteWebDriver.close(RemoteWebDriver.java:418)
at TESTNG.Params.Teardown(Params.java:56)
at java.base/java.util.ArrayList.forEach(ArrayList.java:1511)
at java.base/java.util.concurrent.FutureTask.run(FutureTask.java:317)
at java.base/java.util.concurrent.ThreadPoolExecutor.runWorker(ThreadPoolExecutor.java:1144)
at java.base/java.util.concurrent.ThreadPoolExecutor$Worker.run(ThreadPoolExecutor.java:642)
at java.base/java.lang.Thread.run(Thread.java:1589)
... Removed 19 stack frames]]>
    </failure>
  </testcase> <!-- Teardown -->
</testsuite> <!-- Edge Test -->
