<?xml version="1.0" encoding="UTF-8"?>
<!-- Generated by org.testng.reporters.JUnitXMLReporter -->
<testsuite ignored="2" hostname="DESKTOP-ECENQC1" failures="0" tests="3" name="Test" time="25.201" errors="0" timestamp="2023-07-15T11:35:40 IST">
  <testcase classname="TESTNG.Grouping" name="OpenApp" time="19.864"/>
  <testcase classname="TESTNG.Grouping" name="Login" time="5.243"/>
  <testcase classname="TESTNG.Grouping" name="AdvSearch" time="0.006"/>
  <testcase classname="TESTNG.Grouping" name="Teardown" time="0.0">
    <ignored/>
  </testcase> <!-- Teardown -->
  <testcase classname="TESTNG.Grouping" name="Search" time="0.0">
    <ignored/>
  </testcase> <!-- Search -->
</testsuite> <!-- Test -->
